
*** Running vivado
    with args -log system_xadc_0.vds -m64 -product Vivado -mode batch -messageDb vivado.pb -notrace -source system_xadc_0.tcl


****** Vivado v2017.2 (64-bit)
  **** SW Build 1909853 on Thu Jun 15 18:39:09 MDT 2017
  **** IP Build 1909766 on Thu Jun 15 19:58:00 MDT 2017
    ** Copyright 1986-2017 Xilinx, Inc. All Rights Reserved.

source system_xadc_0.tcl -notrace
Starting RTL Elaboration : Time (s): cpu = 00:00:02 ; elapsed = 00:00:02 . Memory (MB): peak = 320.430 ; gain = 82.215
INFO: [Synth 8-638] synthesizing module 'system_xadc_0' [d:/10_Bidouilles_a_JOB/RedPitaya/fpga/prj/classic/project/redpitaya.srcs/sources_1/bd/system/ip/system_xadc_0/system_xadc_0.v:53]
INFO: [Synth 8-638] synthesizing module 'system_xadc_0_axi_xadc' [d:/10_Bidouilles_a_JOB/RedPitaya/fpga/prj/classic/project/redpitaya.srcs/sources_1/bd/system/ip/system_xadc_0/system_xadc_0_axi_xadc.vhd:246]
INFO: [Synth 8-638] synthesizing module 'system_xadc_0_axi_lite_ipif' [d:/10_Bidouilles_a_JOB/RedPitaya/fpga/prj/classic/project/redpitaya.srcs/sources_1/bd/system/ip/system_xadc_0/axi_lite_ipif_v1_01_a/hdl/src/vhdl/system_xadc_0_axi_lite_ipif.vhd:241]
INFO: [Synth 8-638] synthesizing module 'system_xadc_0_slave_attachment' [d:/10_Bidouilles_a_JOB/RedPitaya/fpga/prj/classic/project/redpitaya.srcs/sources_1/bd/system/ip/system_xadc_0/axi_lite_ipif_v1_01_a/hdl/src/vhdl/system_xadc_0_slave_attachment.vhd:227]
INFO: [Synth 8-638] synthesizing module 'system_xadc_0_address_decoder' [d:/10_Bidouilles_a_JOB/RedPitaya/fpga/prj/classic/project/redpitaya.srcs/sources_1/bd/system/ip/system_xadc_0/axi_lite_ipif_v1_01_a/hdl/src/vhdl/system_xadc_0_address_decoder.vhd:176]
INFO: [Synth 8-638] synthesizing module 'system_xadc_0_pselect_f' [d:/10_Bidouilles_a_JOB/RedPitaya/fpga/prj/classic/project/redpitaya.srcs/sources_1/bd/system/ip/system_xadc_0/proc_common_v3_30_a/hdl/src/vhdl/system_xadc_0_pselect_f.vhd:167]
INFO: [Synth 8-256] done synthesizing module 'system_xadc_0_pselect_f' (1#1) [d:/10_Bidouilles_a_JOB/RedPitaya/fpga/prj/classic/project/redpitaya.srcs/sources_1/bd/system/ip/system_xadc_0/proc_common_v3_30_a/hdl/src/vhdl/system_xadc_0_pselect_f.vhd:167]
INFO: [Synth 8-638] synthesizing module 'system_xadc_0_pselect_f__parameterized0' [d:/10_Bidouilles_a_JOB/RedPitaya/fpga/prj/classic/project/redpitaya.srcs/sources_1/bd/system/ip/system_xadc_0/proc_common_v3_30_a/hdl/src/vhdl/system_xadc_0_pselect_f.vhd:167]
INFO: [Synth 8-256] done synthesizing module 'system_xadc_0_pselect_f__parameterized0' (1#1) [d:/10_Bidouilles_a_JOB/RedPitaya/fpga/prj/classic/project/redpitaya.srcs/sources_1/bd/system/ip/system_xadc_0/proc_common_v3_30_a/hdl/src/vhdl/system_xadc_0_pselect_f.vhd:167]
INFO: [Synth 8-638] synthesizing module 'system_xadc_0_pselect_f__parameterized1' [d:/10_Bidouilles_a_JOB/RedPitaya/fpga/prj/classic/project/redpitaya.srcs/sources_1/bd/system/ip/system_xadc_0/proc_common_v3_30_a/hdl/src/vhdl/system_xadc_0_pselect_f.vhd:167]
INFO: [Synth 8-256] done synthesizing module 'system_xadc_0_pselect_f__parameterized1' (1#1) [d:/10_Bidouilles_a_JOB/RedPitaya/fpga/prj/classic/project/redpitaya.srcs/sources_1/bd/system/ip/system_xadc_0/proc_common_v3_30_a/hdl/src/vhdl/system_xadc_0_pselect_f.vhd:167]
INFO: [Synth 8-638] synthesizing module 'system_xadc_0_pselect_f__parameterized2' [d:/10_Bidouilles_a_JOB/RedPitaya/fpga/prj/classic/project/redpitaya.srcs/sources_1/bd/system/ip/system_xadc_0/proc_common_v3_30_a/hdl/src/vhdl/system_xadc_0_pselect_f.vhd:167]
INFO: [Synth 8-256] done synthesizing module 'system_xadc_0_pselect_f__parameterized2' (1#1) [d:/10_Bidouilles_a_JOB/RedPitaya/fpga/prj/classic/project/redpitaya.srcs/sources_1/bd/system/ip/system_xadc_0/proc_common_v3_30_a/hdl/src/vhdl/system_xadc_0_pselect_f.vhd:167]
INFO: [Synth 8-638] synthesizing module 'system_xadc_0_pselect_f__parameterized3' [d:/10_Bidouilles_a_JOB/RedPitaya/fpga/prj/classic/project/redpitaya.srcs/sources_1/bd/system/ip/system_xadc_0/proc_common_v3_30_a/hdl/src/vhdl/system_xadc_0_pselect_f.vhd:167]
INFO: [Synth 8-256] done synthesizing module 'system_xadc_0_pselect_f__parameterized3' (1#1) [d:/10_Bidouilles_a_JOB/RedPitaya/fpga/prj/classic/project/redpitaya.srcs/sources_1/bd/system/ip/system_xadc_0/proc_common_v3_30_a/hdl/src/vhdl/system_xadc_0_pselect_f.vhd:167]
INFO: [Synth 8-638] synthesizing module 'system_xadc_0_pselect_f__parameterized4' [d:/10_Bidouilles_a_JOB/RedPitaya/fpga/prj/classic/project/redpitaya.srcs/sources_1/bd/system/ip/system_xadc_0/proc_common_v3_30_a/hdl/src/vhdl/system_xadc_0_pselect_f.vhd:167]
INFO: [Synth 8-256] done synthesizing module 'system_xadc_0_pselect_f__parameterized4' (1#1) [d:/10_Bidouilles_a_JOB/RedPitaya/fpga/prj/classic/project/redpitaya.srcs/sources_1/bd/system/ip/system_xadc_0/proc_common_v3_30_a/hdl/src/vhdl/system_xadc_0_pselect_f.vhd:167]
INFO: [Synth 8-638] synthesizing module 'system_xadc_0_pselect_f__parameterized5' [d:/10_Bidouilles_a_JOB/RedPitaya/fpga/prj/classic/project/redpitaya.srcs/sources_1/bd/system/ip/system_xadc_0/proc_common_v3_30_a/hdl/src/vhdl/system_xadc_0_pselect_f.vhd:167]
INFO: [Synth 8-256] done synthesizing module 'system_xadc_0_pselect_f__parameterized5' (1#1) [d:/10_Bidouilles_a_JOB/RedPitaya/fpga/prj/classic/project/redpitaya.srcs/sources_1/bd/system/ip/system_xadc_0/proc_common_v3_30_a/hdl/src/vhdl/system_xadc_0_pselect_f.vhd:167]
INFO: [Synth 8-638] synthesizing module 'system_xadc_0_pselect_f__parameterized6' [d:/10_Bidouilles_a_JOB/RedPitaya/fpga/prj/classic/project/redpitaya.srcs/sources_1/bd/system/ip/system_xadc_0/proc_common_v3_30_a/hdl/src/vhdl/system_xadc_0_pselect_f.vhd:167]
INFO: [Synth 8-256] done synthesizing module 'system_xadc_0_pselect_f__parameterized6' (1#1) [d:/10_Bidouilles_a_JOB/RedPitaya/fpga/prj/classic/project/redpitaya.srcs/sources_1/bd/system/ip/system_xadc_0/proc_common_v3_30_a/hdl/src/vhdl/system_xadc_0_pselect_f.vhd:167]
INFO: [Synth 8-638] synthesizing module 'system_xadc_0_pselect_f__parameterized7' [d:/10_Bidouilles_a_JOB/RedPitaya/fpga/prj/classic/project/redpitaya.srcs/sources_1/bd/system/ip/system_xadc_0/proc_common_v3_30_a/hdl/src/vhdl/system_xadc_0_pselect_f.vhd:167]
INFO: [Synth 8-256] done synthesizing module 'system_xadc_0_pselect_f__parameterized7' (1#1) [d:/10_Bidouilles_a_JOB/RedPitaya/fpga/prj/classic/project/redpitaya.srcs/sources_1/bd/system/ip/system_xadc_0/proc_common_v3_30_a/hdl/src/vhdl/system_xadc_0_pselect_f.vhd:167]
INFO: [Synth 8-638] synthesizing module 'system_xadc_0_pselect_f__parameterized8' [d:/10_Bidouilles_a_JOB/RedPitaya/fpga/prj/classic/project/redpitaya.srcs/sources_1/bd/system/ip/system_xadc_0/proc_common_v3_30_a/hdl/src/vhdl/system_xadc_0_pselect_f.vhd:167]
INFO: [Synth 8-256] done synthesizing module 'system_xadc_0_pselect_f__parameterized8' (1#1) [d:/10_Bidouilles_a_JOB/RedPitaya/fpga/prj/classic/project/redpitaya.srcs/sources_1/bd/system/ip/system_xadc_0/proc_common_v3_30_a/hdl/src/vhdl/system_xadc_0_pselect_f.vhd:167]
INFO: [Synth 8-638] synthesizing module 'system_xadc_0_pselect_f__parameterized9' [d:/10_Bidouilles_a_JOB/RedPitaya/fpga/prj/classic/project/redpitaya.srcs/sources_1/bd/system/ip/system_xadc_0/proc_common_v3_30_a/hdl/src/vhdl/system_xadc_0_pselect_f.vhd:167]
INFO: [Synth 8-256] done synthesizing module 'system_xadc_0_pselect_f__parameterized9' (1#1) [d:/10_Bidouilles_a_JOB/RedPitaya/fpga/prj/classic/project/redpitaya.srcs/sources_1/bd/system/ip/system_xadc_0/proc_common_v3_30_a/hdl/src/vhdl/system_xadc_0_pselect_f.vhd:167]
INFO: [Synth 8-638] synthesizing module 'system_xadc_0_pselect_f__parameterized10' [d:/10_Bidouilles_a_JOB/RedPitaya/fpga/prj/classic/project/redpitaya.srcs/sources_1/bd/system/ip/system_xadc_0/proc_common_v3_30_a/hdl/src/vhdl/system_xadc_0_pselect_f.vhd:167]
INFO: [Synth 8-256] done synthesizing module 'system_xadc_0_pselect_f__parameterized10' (1#1) [d:/10_Bidouilles_a_JOB/RedPitaya/fpga/prj/classic/project/redpitaya.srcs/sources_1/bd/system/ip/system_xadc_0/proc_common_v3_30_a/hdl/src/vhdl/system_xadc_0_pselect_f.vhd:167]
INFO: [Synth 8-638] synthesizing module 'system_xadc_0_pselect_f__parameterized11' [d:/10_Bidouilles_a_JOB/RedPitaya/fpga/prj/classic/project/redpitaya.srcs/sources_1/bd/system/ip/system_xadc_0/proc_common_v3_30_a/hdl/src/vhdl/system_xadc_0_pselect_f.vhd:167]
INFO: [Synth 8-256] done synthesizing module 'system_xadc_0_pselect_f__parameterized11' (1#1) [d:/10_Bidouilles_a_JOB/RedPitaya/fpga/prj/classic/project/redpitaya.srcs/sources_1/bd/system/ip/system_xadc_0/proc_common_v3_30_a/hdl/src/vhdl/system_xadc_0_pselect_f.vhd:167]
INFO: [Synth 8-638] synthesizing module 'system_xadc_0_pselect_f__parameterized12' [d:/10_Bidouilles_a_JOB/RedPitaya/fpga/prj/classic/project/redpitaya.srcs/sources_1/bd/system/ip/system_xadc_0/proc_common_v3_30_a/hdl/src/vhdl/system_xadc_0_pselect_f.vhd:167]
INFO: [Synth 8-256] done synthesizing module 'system_xadc_0_pselect_f__parameterized12' (1#1) [d:/10_Bidouilles_a_JOB/RedPitaya/fpga/prj/classic/project/redpitaya.srcs/sources_1/bd/system/ip/system_xadc_0/proc_common_v3_30_a/hdl/src/vhdl/system_xadc_0_pselect_f.vhd:167]
INFO: [Synth 8-638] synthesizing module 'system_xadc_0_pselect_f__parameterized13' [d:/10_Bidouilles_a_JOB/RedPitaya/fpga/prj/classic/project/redpitaya.srcs/sources_1/bd/system/ip/system_xadc_0/proc_common_v3_30_a/hdl/src/vhdl/system_xadc_0_pselect_f.vhd:167]
INFO: [Synth 8-256] done synthesizing module 'system_xadc_0_pselect_f__parameterized13' (1#1) [d:/10_Bidouilles_a_JOB/RedPitaya/fpga/prj/classic/project/redpitaya.srcs/sources_1/bd/system/ip/system_xadc_0/proc_common_v3_30_a/hdl/src/vhdl/system_xadc_0_pselect_f.vhd:167]
INFO: [Synth 8-638] synthesizing module 'system_xadc_0_pselect_f__parameterized14' [d:/10_Bidouilles_a_JOB/RedPitaya/fpga/prj/classic/project/redpitaya.srcs/sources_1/bd/system/ip/system_xadc_0/proc_common_v3_30_a/hdl/src/vhdl/system_xadc_0_pselect_f.vhd:167]
INFO: [Synth 8-256] done synthesizing module 'system_xadc_0_pselect_f__parameterized14' (1#1) [d:/10_Bidouilles_a_JOB/RedPitaya/fpga/prj/classic/project/redpitaya.srcs/sources_1/bd/system/ip/system_xadc_0/proc_common_v3_30_a/hdl/src/vhdl/system_xadc_0_pselect_f.vhd:167]
INFO: [Synth 8-638] synthesizing module 'system_xadc_0_pselect_f__parameterized15' [d:/10_Bidouilles_a_JOB/RedPitaya/fpga/prj/classic/project/redpitaya.srcs/sources_1/bd/system/ip/system_xadc_0/proc_common_v3_30_a/hdl/src/vhdl/system_xadc_0_pselect_f.vhd:167]
INFO: [Synth 8-256] done synthesizing module 'system_xadc_0_pselect_f__parameterized15' (1#1) [d:/10_Bidouilles_a_JOB/RedPitaya/fpga/prj/classic/project/redpitaya.srcs/sources_1/bd/system/ip/system_xadc_0/proc_common_v3_30_a/hdl/src/vhdl/system_xadc_0_pselect_f.vhd:167]
INFO: [Synth 8-638] synthesizing module 'system_xadc_0_pselect_f__parameterized16' [d:/10_Bidouilles_a_JOB/RedPitaya/fpga/prj/classic/project/redpitaya.srcs/sources_1/bd/system/ip/system_xadc_0/proc_common_v3_30_a/hdl/src/vhdl/system_xadc_0_pselect_f.vhd:167]
INFO: [Synth 8-256] done synthesizing module 'system_xadc_0_pselect_f__parameterized16' (1#1) [d:/10_Bidouilles_a_JOB/RedPitaya/fpga/prj/classic/project/redpitaya.srcs/sources_1/bd/system/ip/system_xadc_0/proc_common_v3_30_a/hdl/src/vhdl/system_xadc_0_pselect_f.vhd:167]
INFO: [Synth 8-638] synthesizing module 'system_xadc_0_pselect_f__parameterized17' [d:/10_Bidouilles_a_JOB/RedPitaya/fpga/prj/classic/project/redpitaya.srcs/sources_1/bd/system/ip/system_xadc_0/proc_common_v3_30_a/hdl/src/vhdl/system_xadc_0_pselect_f.vhd:167]
INFO: [Synth 8-256] done synthesizing module 'system_xadc_0_pselect_f__parameterized17' (1#1) [d:/10_Bidouilles_a_JOB/RedPitaya/fpga/prj/classic/project/redpitaya.srcs/sources_1/bd/system/ip/system_xadc_0/proc_common_v3_30_a/hdl/src/vhdl/system_xadc_0_pselect_f.vhd:167]
INFO: [Synth 8-638] synthesizing module 'system_xadc_0_pselect_f__parameterized18' [d:/10_Bidouilles_a_JOB/RedPitaya/fpga/prj/classic/project/redpitaya.srcs/sources_1/bd/system/ip/system_xadc_0/proc_common_v3_30_a/hdl/src/vhdl/system_xadc_0_pselect_f.vhd:167]
INFO: [Synth 8-256] done synthesizing module 'system_xadc_0_pselect_f__parameterized18' (1#1) [d:/10_Bidouilles_a_JOB/RedPitaya/fpga/prj/classic/project/redpitaya.srcs/sources_1/bd/system/ip/system_xadc_0/proc_common_v3_30_a/hdl/src/vhdl/system_xadc_0_pselect_f.vhd:167]
INFO: [Synth 8-638] synthesizing module 'system_xadc_0_pselect_f__parameterized19' [d:/10_Bidouilles_a_JOB/RedPitaya/fpga/prj/classic/project/redpitaya.srcs/sources_1/bd/system/ip/system_xadc_0/proc_common_v3_30_a/hdl/src/vhdl/system_xadc_0_pselect_f.vhd:167]
INFO: [Synth 8-256] done synthesizing module 'system_xadc_0_pselect_f__parameterized19' (1#1) [d:/10_Bidouilles_a_JOB/RedPitaya/fpga/prj/classic/project/redpitaya.srcs/sources_1/bd/system/ip/system_xadc_0/proc_common_v3_30_a/hdl/src/vhdl/system_xadc_0_pselect_f.vhd:167]
INFO: [Synth 8-638] synthesizing module 'system_xadc_0_pselect_f__parameterized20' [d:/10_Bidouilles_a_JOB/RedPitaya/fpga/prj/classic/project/redpitaya.srcs/sources_1/bd/system/ip/system_xadc_0/proc_common_v3_30_a/hdl/src/vhdl/system_xadc_0_pselect_f.vhd:167]
INFO: [Synth 8-256] done synthesizing module 'system_xadc_0_pselect_f__parameterized20' (1#1) [d:/10_Bidouilles_a_JOB/RedPitaya/fpga/prj/classic/project/redpitaya.srcs/sources_1/bd/system/ip/system_xadc_0/proc_common_v3_30_a/hdl/src/vhdl/system_xadc_0_pselect_f.vhd:167]
INFO: [Synth 8-638] synthesizing module 'system_xadc_0_pselect_f__parameterized21' [d:/10_Bidouilles_a_JOB/RedPitaya/fpga/prj/classic/project/redpitaya.srcs/sources_1/bd/system/ip/system_xadc_0/proc_common_v3_30_a/hdl/src/vhdl/system_xadc_0_pselect_f.vhd:167]
INFO: [Synth 8-256] done synthesizing module 'system_xadc_0_pselect_f__parameterized21' (1#1) [d:/10_Bidouilles_a_JOB/RedPitaya/fpga/prj/classic/project/redpitaya.srcs/sources_1/bd/system/ip/system_xadc_0/proc_common_v3_30_a/hdl/src/vhdl/system_xadc_0_pselect_f.vhd:167]
INFO: [Synth 8-638] synthesizing module 'system_xadc_0_pselect_f__parameterized22' [d:/10_Bidouilles_a_JOB/RedPitaya/fpga/prj/classic/project/redpitaya.srcs/sources_1/bd/system/ip/system_xadc_0/proc_common_v3_30_a/hdl/src/vhdl/system_xadc_0_pselect_f.vhd:167]
INFO: [Synth 8-256] done synthesizing module 'system_xadc_0_pselect_f__parameterized22' (1#1) [d:/10_Bidouilles_a_JOB/RedPitaya/fpga/prj/classic/project/redpitaya.srcs/sources_1/bd/system/ip/system_xadc_0/proc_common_v3_30_a/hdl/src/vhdl/system_xadc_0_pselect_f.vhd:167]
INFO: [Synth 8-638] synthesizing module 'system_xadc_0_pselect_f__parameterized23' [d:/10_Bidouilles_a_JOB/RedPitaya/fpga/prj/classic/project/redpitaya.srcs/sources_1/bd/system/ip/system_xadc_0/proc_common_v3_30_a/hdl/src/vhdl/system_xadc_0_pselect_f.vhd:167]
INFO: [Synth 8-256] done synthesizing module 'system_xadc_0_pselect_f__parameterized23' (1#1) [d:/10_Bidouilles_a_JOB/RedPitaya/fpga/prj/classic/project/redpitaya.srcs/sources_1/bd/system/ip/system_xadc_0/proc_common_v3_30_a/hdl/src/vhdl/system_xadc_0_pselect_f.vhd:167]
INFO: [Synth 8-638] synthesizing module 'system_xadc_0_pselect_f__parameterized24' [d:/10_Bidouilles_a_JOB/RedPitaya/fpga/prj/classic/project/redpitaya.srcs/sources_1/bd/system/ip/system_xadc_0/proc_common_v3_30_a/hdl/src/vhdl/system_xadc_0_pselect_f.vhd:167]
INFO: [Synth 8-256] done synthesizing module 'system_xadc_0_pselect_f__parameterized24' (1#1) [d:/10_Bidouilles_a_JOB/RedPitaya/fpga/prj/classic/project/redpitaya.srcs/sources_1/bd/system/ip/system_xadc_0/proc_common_v3_30_a/hdl/src/vhdl/system_xadc_0_pselect_f.vhd:167]
INFO: [Synth 8-638] synthesizing module 'system_xadc_0_pselect_f__parameterized25' [d:/10_Bidouilles_a_JOB/RedPitaya/fpga/prj/classic/project/redpitaya.srcs/sources_1/bd/system/ip/system_xadc_0/proc_common_v3_30_a/hdl/src/vhdl/system_xadc_0_pselect_f.vhd:167]
INFO: [Synth 8-256] done synthesizing module 'system_xadc_0_pselect_f__parameterized25' (1#1) [d:/10_Bidouilles_a_JOB/RedPitaya/fpga/prj/classic/project/redpitaya.srcs/sources_1/bd/system/ip/system_xadc_0/proc_common_v3_30_a/hdl/src/vhdl/system_xadc_0_pselect_f.vhd:167]
INFO: [Synth 8-256] done synthesizing module 'system_xadc_0_address_decoder' (2#1) [d:/10_Bidouilles_a_JOB/RedPitaya/fpga/prj/classic/project/redpitaya.srcs/sources_1/bd/system/ip/system_xadc_0/axi_lite_ipif_v1_01_a/hdl/src/vhdl/system_xadc_0_address_decoder.vhd:176]
INFO: [Synth 8-256] done synthesizing module 'system_xadc_0_slave_attachment' (3#1) [d:/10_Bidouilles_a_JOB/RedPitaya/fpga/prj/classic/project/redpitaya.srcs/sources_1/bd/system/ip/system_xadc_0/axi_lite_ipif_v1_01_a/hdl/src/vhdl/system_xadc_0_slave_attachment.vhd:227]
INFO: [Synth 8-256] done synthesizing module 'system_xadc_0_axi_lite_ipif' (4#1) [d:/10_Bidouilles_a_JOB/RedPitaya/fpga/prj/classic/project/redpitaya.srcs/sources_1/bd/system/ip/system_xadc_0/axi_lite_ipif_v1_01_a/hdl/src/vhdl/system_xadc_0_axi_lite_ipif.vhd:241]
INFO: [Synth 8-638] synthesizing module 'system_xadc_0_xadc_core_drp' [d:/10_Bidouilles_a_JOB/RedPitaya/fpga/prj/classic/project/redpitaya.srcs/sources_1/bd/system/ip/system_xadc_0/system_xadc_0_xadc_core_drp.vhd:194]
INFO: [Synth 8-256] done synthesizing module 'system_xadc_0_xadc_core_drp' (5#1) [d:/10_Bidouilles_a_JOB/RedPitaya/fpga/prj/classic/project/redpitaya.srcs/sources_1/bd/system/ip/system_xadc_0/system_xadc_0_xadc_core_drp.vhd:194]
INFO: [Synth 8-638] synthesizing module 'system_xadc_0_soft_reset' [d:/10_Bidouilles_a_JOB/RedPitaya/fpga/prj/classic/project/redpitaya.srcs/sources_1/bd/system/ip/system_xadc_0/proc_common_v3_30_a/hdl/src/vhdl/system_xadc_0_soft_reset.vhd:142]
INFO: [Synth 8-256] done synthesizing module 'system_xadc_0_soft_reset' (6#1) [d:/10_Bidouilles_a_JOB/RedPitaya/fpga/prj/classic/project/redpitaya.srcs/sources_1/bd/system/ip/system_xadc_0/proc_common_v3_30_a/hdl/src/vhdl/system_xadc_0_soft_reset.vhd:142]
INFO: [Synth 8-638] synthesizing module 'system_xadc_0_interrupt_control' [d:/10_Bidouilles_a_JOB/RedPitaya/fpga/prj/classic/project/redpitaya.srcs/sources_1/bd/system/ip/system_xadc_0/interrupt_control_v2_01_a/hdl/src/vhdl/system_xadc_0_interrupt_control.vhd:240]
INFO: [Synth 8-256] done synthesizing module 'system_xadc_0_interrupt_control' (7#1) [d:/10_Bidouilles_a_JOB/RedPitaya/fpga/prj/classic/project/redpitaya.srcs/sources_1/bd/system/ip/system_xadc_0/interrupt_control_v2_01_a/hdl/src/vhdl/system_xadc_0_interrupt_control.vhd:240]
INFO: [Synth 8-256] done synthesizing module 'system_xadc_0_axi_xadc' (8#1) [d:/10_Bidouilles_a_JOB/RedPitaya/fpga/prj/classic/project/redpitaya.srcs/sources_1/bd/system/ip/system_xadc_0/system_xadc_0_axi_xadc.vhd:246]
INFO: [Synth 8-256] done synthesizing module 'system_xadc_0' (9#1) [d:/10_Bidouilles_a_JOB/RedPitaya/fpga/prj/classic/project/redpitaya.srcs/sources_1/bd/system/ip/system_xadc_0/system_xadc_0.v:53]
Finished RTL Elaboration : Time (s): cpu = 00:00:07 ; elapsed = 00:00:07 . Memory (MB): peak = 395.574 ; gain = 157.359
Finished RTL Optimization Phase 1 : Time (s): cpu = 00:00:07 ; elapsed = 00:00:07 . Memory (MB): peak = 395.574 ; gain = 157.359
INFO: [Device 21-403] Loading part xc7z010clg400-1
Constraint Validation Runtime : Time (s): cpu = 00:00:00 ; elapsed = 00:00:00.015 . Memory (MB): peak = 671.738 ; gain = 0.000
Finished Constraint Validation : Time (s): cpu = 00:00:14 ; elapsed = 00:00:14 . Memory (MB): peak = 671.738 ; gain = 433.523
Finished Loading Part and Timing Information : Time (s): cpu = 00:00:14 ; elapsed = 00:00:14 . Memory (MB): peak = 671.738 ; gain = 433.523
Finished applying 'set_property' XDC Constraints : Time (s): cpu = 00:00:14 ; elapsed = 00:00:14 . Memory (MB): peak = 671.738 ; gain = 433.523
Finished RTL Optimization Phase 2 : Time (s): cpu = 00:00:14 ; elapsed = 00:00:15 . Memory (MB): peak = 671.738 ; gain = 433.523
Finished Cross Boundary and Area Optimization : Time (s): cpu = 00:00:15 ; elapsed = 00:00:16 . Memory (MB): peak = 671.738 ; gain = 433.523
Finished Applying XDC Timing Constraints : Time (s): cpu = 00:00:23 ; elapsed = 00:00:24 . Memory (MB): peak = 671.738 ; gain = 433.523
Finished Timing Optimization : Time (s): cpu = 00:00:24 ; elapsed = 00:00:24 . Memory (MB): peak = 676.504 ; gain = 438.289
Finished Technology Mapping : Time (s): cpu = 00:00:24 ; elapsed = 00:00:24 . Memory (MB): peak = 676.504 ; gain = 438.289
Finished IO Insertion : Time (s): cpu = 00:00:24 ; elapsed = 00:00:25 . Memory (MB): peak = 676.504 ; gain = 438.289
Finished Renaming Generated Instances : Time (s): cpu = 00:00:24 ; elapsed = 00:00:25 . Memory (MB): peak = 676.504 ; gain = 438.289
Finished Rebuilding User Hierarchy : Time (s): cpu = 00:00:24 ; elapsed = 00:00:25 . Memory (MB): peak = 676.504 ; gain = 438.289
Finished Renaming Generated Ports : Time (s): cpu = 00:00:24 ; elapsed = 00:00:25 . Memory (MB): peak = 676.504 ; gain = 438.289
Finished Handling Custom Attributes : Time (s): cpu = 00:00:24 ; elapsed = 00:00:25 . Memory (MB): peak = 676.504 ; gain = 438.289
Finished Renaming Generated Nets : Time (s): cpu = 00:00:24 ; elapsed = 00:00:25 . Memory (MB): peak = 676.504 ; gain = 438.289

Report Cell Usage: 
+------+-----+------+
|      |Cell |Count |
+------+-----+------+
|1     |LUT1 |     2|
|2     |LUT2 |    37|
|3     |LUT3 |    23|
|4     |LUT4 |    21|
|5     |LUT5 |    50|
|6     |LUT6 |    63|
|7     |XADC |     1|
|8     |FDRE |   205|
|9     |FDSE |    30|
+------+-----+------+
Finished Writing Synthesis Report : Time (s): cpu = 00:00:24 ; elapsed = 00:00:25 . Memory (MB): peak = 676.504 ; gain = 438.289
synth_design: Time (s): cpu = 00:00:26 ; elapsed = 00:00:26 . Memory (MB): peak = 676.504 ; gain = 440.922
